2023-12-21 14:52:40,764 INFO o.a.j.u.JMeterUtils: Setting Locale to en_EN
2023-12-21 14:52:40,779 INFO o.a.j.JMeter: Loading user properties from: user.properties
2023-12-21 14:52:40,779 INFO o.a.j.JMeter: Loading system properties from: system.properties
2023-12-21 14:52:40,786 INFO o.a.j.JMeter: Copyright (c) 1998-2023 The Apache Software Foundation
2023-12-21 14:52:40,786 INFO o.a.j.JMeter: Version 5.6.2
2023-12-21 14:52:40,786 INFO o.a.j.JMeter: java.version=1.8.0_391
2023-12-21 14:52:40,786 INFO o.a.j.JMeter: java.vm.name=Java HotSpot(TM) Client VM
2023-12-21 14:52:40,786 INFO o.a.j.JMeter: os.name=Windows 11
2023-12-21 14:52:40,786 INFO o.a.j.JMeter: os.arch=x86
2023-12-21 14:52:40,786 INFO o.a.j.JMeter: os.version=10.0
2023-12-21 14:52:40,786 INFO o.a.j.JMeter: file.encoding=Cp1252
2023-12-21 14:52:40,786 INFO o.a.j.JMeter: java.awt.headless=null
2023-12-21 14:52:40,786 INFO o.a.j.JMeter: Max memory     =1073741824
2023-12-21 14:52:40,786 INFO o.a.j.JMeter: Available Processors =8
2023-12-21 14:52:40,795 INFO o.a.j.JMeter: Default Locale=English (EN)
2023-12-21 14:52:40,795 INFO o.a.j.JMeter: JMeter  Locale=English (EN)
2023-12-21 14:52:40,795 INFO o.a.j.JMeter: JMeterHome=C:\Users\USER\Downloads\apache-jmeter-5.6.2\apache-jmeter-5.6.2
2023-12-21 14:52:40,795 INFO o.a.j.JMeter: user.dir  =C:\Users\USER\Downloads\apache-jmeter-5.6.2\apache-jmeter-5.6.2\bin
2023-12-21 14:52:40,795 INFO o.a.j.JMeter: PWD       =C:\Users\USER\Downloads\apache-jmeter-5.6.2\apache-jmeter-5.6.2\bin
2023-12-21 14:52:40,795 INFO o.a.j.JMeter: IP: 192.168.0.108 Name: LAPTOP-ASJJ9P9V FullName: LAPTOP-ASJJ9P9V
2023-12-21 14:52:40,826 INFO o.a.j.JMeter: Loaded icon properties from org/apache/jmeter/images/icon.properties
2023-12-21 14:52:40,939 INFO o.a.j.JMeterGuiLauncher: Setting LAF to: com.github.weisj.darklaf.DarkLaf:com.github.weisj.darklaf.theme.DarculaTheme
2023-12-21 14:52:51,763 INFO o.a.j.g.JMeterUIDefaults: Applying font scale factor: 0.9090909
2023-12-21 14:52:57,962 INFO o.a.j.g.JMeterUIDefaults: Applying font scale factor: 1.1
2023-12-21 14:53:00,806 INFO o.a.j.g.JMeterUIDefaults: Applying font scale factor: 1.21
2023-12-21 14:53:05,521 INFO o.a.j.g.JMeterUIDefaults: Applying font scale factor: 1.3310001
2023-12-21 14:53:08,091 INFO o.a.j.g.JMeterUIDefaults: Applying font scale factor: 1.4641001
2023-12-21 14:53:12,295 INFO o.a.j.g.JMeterUIDefaults: Applying font scale factor: 1.6105101
2023-12-21 14:53:14,881 INFO o.a.j.g.JMeterUIDefaults: Applying font scale factor: 1.7715611
2023-12-21 14:53:18,800 INFO o.a.j.g.JMeterUIDefaults: Applying font scale factor: 1.9487174
